{"/home/caique-coelho/lives/sd-020-b-live-lectures/script.js": {"path":"/home/caique-coelho/lives/sd-020-b-live-lectures/script.js","statementMap":{"0":{"start":{"line":2,"column":4},"end":{"line":2,"column":17}},"1":{"start":{"line":16,"column":20},"end":{"line":27,"column":1}},"2":{"start":{"line":18,"column":4},"end":{"line":20,"column":5}},"3":{"start":{"line":19,"column":8},"end":{"line":19,"column":54}},"4":{"start":{"line":22,"column":19},"end":{"line":22,"column":20}},"5":{"start":{"line":23,"column":3},"end":{"line":25,"column":4}},"6":{"start":{"line":23,"column":20},"end":{"line":23,"column":21}},"7":{"start":{"line":24,"column":7},"end":{"line":24,"column":26}},"8":{"start":{"line":26,"column":3},"end":{"line":26,"column":20}},"9":{"start":{"line":30,"column":0},"end":{"line":30,"column":35}}},"fnMap":{"0":{"name":"sum","decl":{"start":{"line":1,"column":9},"end":{"line":1,"column":12}},"loc":{"start":{"line":1,"column":19},"end":{"line":3,"column":1}},"line":1},"1":{"name":"(anonymous_1)","decl":{"start":{"line":16,"column":20},"end":{"line":16,"column":21}},"loc":{"start":{"line":16,"column":32},"end":{"line":27,"column":1}},"line":16}},"branchMap":{"0":{"loc":{"start":{"line":18,"column":4},"end":{"line":20,"column":5}},"type":"if","locations":[{"start":{"line":18,"column":4},"end":{"line":20,"column":5}},{"start":{},"end":{}}],"line":18}},"s":{"0":3,"1":1,"2":4,"3":1,"4":3,"5":3,"6":3,"7":9,"8":3,"9":1},"f":{"0":3,"1":4},"b":{"0":[1,3]},"_coverageSchema":"1a1c01bbd47fc00a2c39e90264f33305004495a9","hash":"9ab376ea4fd92497754ac577c2c0a1dd3e070c83"}
}
